<?xml version="1.0" encoding="UTF-8"?>
<!-- Generated by org.testng.reporters.JUnitReportReporter -->
<testsuite hostname="LAPTOP-PBRMB58U" failures="0" tests="1" name="com.finalProject.testCases.TC_DigitalDownloadsTest_011" time="20.687" errors="0" timestamp="11 Nov 2022 17:03:18 GMT" skipped="0">
  <testcase classname="com.finalProject.testCases.TC_DigitalDownloadsTest_011" name="digitalDownloads" time="20.687"/>
</testsuite> <!-- com.finalProject.testCases.TC_DigitalDownloadsTest_011 -->
