<?xml version="1.0" encoding="UTF-8"?>
<!-- Generated by org.testng.reporters.JUnitReportReporter -->
<testsuite hostname="LAPTOP-PBRMB58U" failures="0" tests="5" name="com.finalProject.testCases.TC_LoginDDT_002" time="12.719" errors="0" timestamp="11 Nov 2022 17:03:18 GMT" skipped="0">
  <testcase classname="com.finalProject.testCases.TC_LoginDDT_002" name="loginDDT" time="2.501"/>
  <testcase classname="com.finalProject.testCases.TC_LoginDDT_002" name="loginDDT" time="2.487"/>
  <testcase classname="com.finalProject.testCases.TC_LoginDDT_002" name="loginDDT" time="2.340"/>
  <testcase classname="com.finalProject.testCases.TC_LoginDDT_002" name="loginDDT" time="2.310"/>
  <testcase classname="com.finalProject.testCases.TC_LoginDDT_002" name="loginDDT" time="3.081"/>
</testsuite> <!-- com.finalProject.testCases.TC_LoginDDT_002 -->
