<?xml version="1.0" encoding="UTF-8"?>
<!-- Generated by org.testng.reporters.JUnitReportReporter -->
<testsuite hostname="LAPTOP-PBRMB58U" failures="0" tests="4" name="com.finalProject.testCases.TC_CreateOrderDDT_009" time="61.238" errors="0" timestamp="11 Nov 2022 17:03:18 GMT" skipped="0">
  <testcase classname="com.finalProject.testCases.TC_CreateOrderDDT_009" name="createDDT" time="13.382"/>
  <testcase classname="com.finalProject.testCases.TC_CreateOrderDDT_009" name="createDDT" time="12.878"/>
  <testcase classname="com.finalProject.testCases.TC_CreateOrderDDT_009" name="createDDT" time="15.218"/>
  <testcase classname="com.finalProject.testCases.TC_CreateOrderDDT_009" name="createDDT" time="19.760"/>
</testsuite> <!-- com.finalProject.testCases.TC_CreateOrderDDT_009 -->
