<?xml version="1.0" encoding="UTF-8"?>
<!-- Generated by org.testng.reporters.JUnitReportReporter -->
<testsuite hostname="LAPTOP-PBRMB58U" failures="0" tests="2" name="com.finalProject.testCases.TC_AddAddressesCustomerPage_005" time="178.898" errors="0" timestamp="11 Nov 2022 17:03:18 GMT" skipped="0">
  <testcase classname="com.finalProject.testCases.TC_AddAddressesCustomerPage_005" name="addAddressesCustomer" time="90.095"/>
  <testcase classname="com.finalProject.testCases.TC_AddAddressesCustomerPage_005" name="addAddressesIfExitsCustomer" time="88.803"/>
</testsuite> <!-- com.finalProject.testCases.TC_AddAddressesCustomerPage_005 -->
