<?xml version="1.0" encoding="UTF-8"?>
<!-- Generated by org.testng.reporters.JUnitReportReporter -->
<testsuite hostname="LAPTOP-PBRMB58U" failures="0" tests="1" name="com.finalProject.testCases.TC_EditCustomerTest_004" time="38.054" errors="0" timestamp="10 Nov 2022 19:05:17 GMT" skipped="0">
  <testcase classname="com.finalProject.testCases.TC_EditCustomerTest_004" name="editCustomer" time="38.054"/>
</testsuite> <!-- com.finalProject.testCases.TC_EditCustomerTest_004 -->
