<?xml version="1.0" encoding="UTF-8"?>
<!-- Generated by org.testng.reporters.JUnitReportReporter -->
<testsuite hostname="LAPTOP-PBRMB58U" failures="0" tests="1" name="com.finalProject.testCases.TC_AddCustomerTest_003" time="6.817" errors="0" timestamp="10 Nov 2022 19:05:17 GMT" skipped="0">
  <testcase classname="com.finalProject.testCases.TC_AddCustomerTest_003" name="addCustomer" time="6.817"/>
</testsuite> <!-- com.finalProject.testCases.TC_AddCustomerTest_003 -->
