<?xml version="1.0" encoding="UTF-8"?>
<!-- Generated by org.testng.reporters.JUnitReportReporter -->
<testsuite hostname="LAPTOP-PBRMB58U" failures="0" tests="4" name="com.finalProject.testCases.TC_CreateOrderDDT_009" time="58.312" errors="0" timestamp="10 Nov 2022 19:05:17 GMT" skipped="0">
  <testcase classname="com.finalProject.testCases.TC_CreateOrderDDT_009" name="createDDT" time="11.698"/>
  <testcase classname="com.finalProject.testCases.TC_CreateOrderDDT_009" name="createDDT" time="19.840"/>
  <testcase classname="com.finalProject.testCases.TC_CreateOrderDDT_009" name="createDDT" time="12.067"/>
  <testcase classname="com.finalProject.testCases.TC_CreateOrderDDT_009" name="createDDT" time="14.707"/>
</testsuite> <!-- com.finalProject.testCases.TC_CreateOrderDDT_009 -->
