<?xml version="1.0" encoding="UTF-8"?>
<!-- Generated by org.testng.reporters.JUnitReportReporter -->
<testsuite hostname="LAPTOP-PBRMB58U" failures="0" tests="1" name="com.finalProject.testCases.TC_Test" time="0.446" errors="0" timestamp="09 Nov 2022 19:18:00 GMT" skipped="0">
  <testcase classname="com.finalProject.testCases.TC_Test" name="test" time="0.446"/>
</testsuite> <!-- com.finalProject.testCases.TC_Test -->
