<?xml version="1.0" encoding="UTF-8"?>
<!-- Generated by org.testng.reporters.JUnitReportReporter -->
<testsuite hostname="LAPTOP-PBRMB58U" failures="0" tests="1" name="com.finalProject.testCases.TC_LoginTest_001" time="6.791" errors="0" timestamp="11 Nov 2022 17:03:18 GMT" skipped="0">
  <testcase classname="com.finalProject.testCases.TC_LoginTest_001" name="loginTest" time="6.791"/>
</testsuite> <!-- com.finalProject.testCases.TC_LoginTest_001 -->
