<?xml version="1.0" encoding="UTF-8"?>
<!-- Generated by org.testng.reporters.JUnitReportReporter -->
<testsuite hostname="LAPTOP-PBRMB58U" failures="0" tests="2" name="com.finalProject.testCases.TC_AddAddressesCustomerPage_005" time="159.325" errors="0" timestamp="10 Nov 2022 19:05:17 GMT" skipped="0">
  <testcase classname="com.finalProject.testCases.TC_AddAddressesCustomerPage_005" name="addAddressesCustomer" time="79.464"/>
  <testcase classname="com.finalProject.testCases.TC_AddAddressesCustomerPage_005" name="addAddressesIfExitsCustomer" time="79.861"/>
</testsuite> <!-- com.finalProject.testCases.TC_AddAddressesCustomerPage_005 -->
