<?xml version="1.0" encoding="UTF-8"?>
<!-- Generated by org.testng.reporters.JUnitReportReporter -->
<testsuite hostname="LAPTOP-PBRMB58U" failures="0" tests="5" name="com.finalProject.testCases.TC_LoginDDT_002" time="9.829" errors="0" timestamp="10 Nov 2022 19:05:17 GMT" skipped="0">
  <testcase classname="com.finalProject.testCases.TC_LoginDDT_002" name="loginDDT" time="2.052"/>
  <testcase classname="com.finalProject.testCases.TC_LoginDDT_002" name="loginDDT" time="2.023"/>
  <testcase classname="com.finalProject.testCases.TC_LoginDDT_002" name="loginDDT" time="1.875"/>
  <testcase classname="com.finalProject.testCases.TC_LoginDDT_002" name="loginDDT" time="2.028"/>
  <testcase classname="com.finalProject.testCases.TC_LoginDDT_002" name="loginDDT" time="1.851"/>
</testsuite> <!-- com.finalProject.testCases.TC_LoginDDT_002 -->
